<?xml version="1.0" encoding="UTF-8"?>
<!-- Generated by org.testng.reporters.JUnitReportReporter -->
<testsuite hostname="DESKTOP-RTDU8S9" failures="0" tests="5" name="aequilibrium.test.AequilibriumTest" time="37.923" errors="0" timestamp="27 Apr 2020 21:29:56 GMT" skipped="0">
  <testcase classname="aequilibrium.test.AequilibriumTest" name="verifyUsernameRequiredWarning" time="7.081"/>
  <testcase classname="aequilibrium.test.AequilibriumTest" name="verifyPasswordRequiredWarning" time="6.933"/>
  <testcase classname="aequilibrium.test.AequilibriumTest" name="logInWithInvalidCredential" time="8.160"/>
  <testcase classname="aequilibrium.test.AequilibriumTest" name="logInWithEmptyCredential" time="6.828"/>
  <testcase classname="aequilibrium.test.AequilibriumTest" name="logInWithValidCredential" time="8.921"/>
</testsuite> <!-- aequilibrium.test.AequilibriumTest -->
